{"C:\\dev\\voice\\ask-community\\ask-community-interceptors\\dist\\lib\\index.js":{"path":"C:\\dev\\voice\\ask-community\\ask-community-interceptors\\dist\\lib\\index.js","s":{"1":1,"2":1,"3":1,"4":1,"5":1,"6":1,"7":1},"b":{},"f":{},"fnMap":{},"statementMap":{"1":{"start":{"line":2,"column":0},"end":{"line":2,"column":62}},"2":{"start":{"line":3,"column":0},"end":{"line":3,"column":85}},"3":{"start":{"line":4,"column":0},"end":{"line":4,"column":78}},"4":{"start":{"line":5,"column":0},"end":{"line":5,"column":56}},"5":{"start":{"line":6,"column":0},"end":{"line":6,"column":54}},"6":{"start":{"line":7,"column":0},"end":{"line":7,"column":88}},"7":{"start":{"line":8,"column":0},"end":{"line":8,"column":81}}},"branchMap":{}},"C:\\dev\\voice\\ask-community\\ask-community-interceptors\\dist\\lib\\requestInterceptors\\LogRequestInterceptor.js":{"path":"C:\\dev\\voice\\ask-community\\ask-community-interceptors\\dist\\lib\\requestInterceptors\\LogRequestInterceptor.js","s":{"1":1,"2":1,"3":1,"4":1,"5":1},"b":{},"f":{"1":1,"2":1},"fnMap":{"1":{"name":"(anonymous_1)","line":4,"loc":{"start":{"line":4,"column":15},"end":{"line":4,"column":24}}},"2":{"name":"(anonymous_2)","line":7,"loc":{"start":{"line":7,"column":11},"end":{"line":7,"column":26}}}},"statementMap":{"1":{"start":{"line":2,"column":0},"end":{"line":2,"column":62}},"2":{"start":{"line":5,"column":8},"end":{"line":5,"column":29}},"3":{"start":{"line":8,"column":8},"end":{"line":8,"column":78}},"4":{"start":{"line":9,"column":8},"end":{"line":9,"column":79}},"5":{"start":{"line":12,"column":0},"end":{"line":12,"column":54}}},"branchMap":{}},"C:\\dev\\voice\\ask-community\\ask-community-interceptors\\dist\\lib\\logger\\ConsoleLogger.js":{"path":"C:\\dev\\voice\\ask-community\\ask-community-interceptors\\dist\\lib\\logger\\ConsoleLogger.js","s":{"1":1,"2":6,"3":1},"b":{},"f":{"1":6},"fnMap":{"1":{"name":"(anonymous_1)","line":4,"loc":{"start":{"line":4,"column":7},"end":{"line":4,"column":17}}}},"statementMap":{"1":{"start":{"line":2,"column":0},"end":{"line":2,"column":62}},"2":{"start":{"line":5,"column":8},"end":{"line":5,"column":46}},"3":{"start":{"line":8,"column":0},"end":{"line":8,"column":38}}},"branchMap":{}},"C:\\dev\\voice\\ask-community\\ask-community-interceptors\\dist\\lib\\responseInterceptors\\LogResponseInterceptor.js":{"path":"C:\\dev\\voice\\ask-community\\ask-community-interceptors\\dist\\lib\\responseInterceptors\\LogResponseInterceptor.js","s":{"1":1,"2":2,"3":2,"4":2,"5":1,"6":1,"7":1},"b":{"1":[1,1]},"f":{"1":2,"2":2},"fnMap":{"1":{"name":"(anonymous_1)","line":4,"loc":{"start":{"line":4,"column":15},"end":{"line":4,"column":24}}},"2":{"name":"(anonymous_2)","line":7,"loc":{"start":{"line":7,"column":11},"end":{"line":7,"column":36}}}},"statementMap":{"1":{"start":{"line":2,"column":0},"end":{"line":2,"column":62}},"2":{"start":{"line":5,"column":8},"end":{"line":5,"column":29}},"3":{"start":{"line":8,"column":8},"end":{"line":8,"column":79}},"4":{"start":{"line":9,"column":8},"end":{"line":14,"column":9}},"5":{"start":{"line":10,"column":12},"end":{"line":10,"column":63}},"6":{"start":{"line":13,"column":12},"end":{"line":13,"column":36}},"7":{"start":{"line":17,"column":0},"end":{"line":17,"column":56}}},"branchMap":{"1":{"line":9,"type":"if","locations":[{"start":{"line":9,"column":8},"end":{"line":9,"column":8}},{"start":{"line":9,"column":8},"end":{"line":9,"column":8}}]}}}}