{"C:\\dev\\voice\\ask-community\\ask-community-interceptors\\dist\\index.js":{"path":"C:\\dev\\voice\\ask-community\\ask-community-interceptors\\dist\\index.js","s":{"1":1,"2":1,"3":1,"4":1,"5":1,"6":1,"7":1},"b":{},"f":{},"fnMap":{},"statementMap":{"1":{"start":{"line":2,"column":0},"end":{"line":2,"column":62}},"2":{"start":{"line":3,"column":0},"end":{"line":3,"column":89}},"3":{"start":{"line":4,"column":0},"end":{"line":4,"column":78}},"4":{"start":{"line":5,"column":0},"end":{"line":5,"column":60}},"5":{"start":{"line":6,"column":0},"end":{"line":6,"column":54}},"6":{"start":{"line":7,"column":0},"end":{"line":7,"column":92}},"7":{"start":{"line":8,"column":0},"end":{"line":8,"column":81}}},"branchMap":{}},"C:\\dev\\voice\\ask-community\\ask-community-interceptors\\dist\\lib\\requestInterceptors\\LogRequestInterceptor.js":{"path":"C:\\dev\\voice\\ask-community\\ask-community-interceptors\\dist\\lib\\requestInterceptors\\LogRequestInterceptor.js","s":{"1":1,"2":1,"3":1,"4":1,"5":1,"6":1,"7":1,"8":1,"9":1},"b":{},"f":{"1":1,"2":1,"3":1},"fnMap":{"1":{"name":"(anonymous_1)","line":3,"loc":{"start":{"line":3,"column":43},"end":{"line":3,"column":55}}},"2":{"name":"LogRequestInterceptor","line":4,"loc":{"start":{"line":4,"column":4},"end":{"line":4,"column":43}}},"3":{"name":"(anonymous_3)","line":7,"loc":{"start":{"line":7,"column":46},"end":{"line":7,"column":70}}}},"statementMap":{"1":{"start":{"line":2,"column":0},"end":{"line":2,"column":62}},"2":{"start":{"line":3,"column":0},"end":{"line":12,"column":5}},"3":{"start":{"line":4,"column":4},"end":{"line":6,"column":5}},"4":{"start":{"line":5,"column":8},"end":{"line":5,"column":29}},"5":{"start":{"line":7,"column":4},"end":{"line":10,"column":6}},"6":{"start":{"line":8,"column":8},"end":{"line":8,"column":78}},"7":{"start":{"line":9,"column":8},"end":{"line":9,"column":79}},"8":{"start":{"line":11,"column":4},"end":{"line":11,"column":33}},"9":{"start":{"line":13,"column":0},"end":{"line":13,"column":54}}},"branchMap":{}},"C:\\dev\\voice\\ask-community\\ask-community-interceptors\\dist\\lib\\logger\\ConsoleLogger.js":{"path":"C:\\dev\\voice\\ask-community\\ask-community-interceptors\\dist\\lib\\logger\\ConsoleLogger.js","s":{"1":1,"2":1,"3":1,"4":1,"5":6,"6":6,"7":6,"8":6,"9":1,"10":1},"b":{},"f":{"1":1,"2":3,"3":6},"fnMap":{"1":{"name":"(anonymous_1)","line":3,"loc":{"start":{"line":3,"column":35},"end":{"line":3,"column":47}}},"2":{"name":"ConsoleLogger","line":4,"loc":{"start":{"line":4,"column":4},"end":{"line":4,"column":29}}},"3":{"name":"(anonymous_3)","line":6,"loc":{"start":{"line":6,"column":34},"end":{"line":6,"column":46}}}},"statementMap":{"1":{"start":{"line":2,"column":0},"end":{"line":2,"column":62}},"2":{"start":{"line":3,"column":0},"end":{"line":14,"column":5}},"3":{"start":{"line":4,"column":4},"end":{"line":5,"column":5}},"4":{"start":{"line":6,"column":4},"end":{"line":12,"column":6}},"5":{"start":{"line":7,"column":8},"end":{"line":7,"column":22}},"6":{"start":{"line":8,"column":8},"end":{"line":10,"column":9}},"7":{"start":{"line":9,"column":12},"end":{"line":9,"column":37}},"8":{"start":{"line":11,"column":8},"end":{"line":11,"column":46}},"9":{"start":{"line":13,"column":4},"end":{"line":13,"column":25}},"10":{"start":{"line":15,"column":0},"end":{"line":15,"column":38}}},"branchMap":{}},"C:\\dev\\voice\\ask-community\\ask-community-interceptors\\dist\\lib\\responseInterceptors\\LogResponseInterceptor.js":{"path":"C:\\dev\\voice\\ask-community\\ask-community-interceptors\\dist\\lib\\responseInterceptors\\LogResponseInterceptor.js","s":{"1":1,"2":1,"3":1,"4":2,"5":1,"6":2,"7":2,"8":1,"9":1,"10":1,"11":1},"b":{"1":[1,1]},"f":{"1":1,"2":2,"3":2},"fnMap":{"1":{"name":"(anonymous_1)","line":3,"loc":{"start":{"line":3,"column":44},"end":{"line":3,"column":56}}},"2":{"name":"LogResponseInterceptor","line":4,"loc":{"start":{"line":4,"column":4},"end":{"line":4,"column":44}}},"3":{"name":"(anonymous_3)","line":7,"loc":{"start":{"line":7,"column":47},"end":{"line":7,"column":81}}}},"statementMap":{"1":{"start":{"line":2,"column":0},"end":{"line":2,"column":62}},"2":{"start":{"line":3,"column":0},"end":{"line":17,"column":5}},"3":{"start":{"line":4,"column":4},"end":{"line":6,"column":5}},"4":{"start":{"line":5,"column":8},"end":{"line":5,"column":29}},"5":{"start":{"line":7,"column":4},"end":{"line":15,"column":6}},"6":{"start":{"line":8,"column":8},"end":{"line":8,"column":79}},"7":{"start":{"line":9,"column":8},"end":{"line":14,"column":9}},"8":{"start":{"line":10,"column":12},"end":{"line":10,"column":63}},"9":{"start":{"line":13,"column":12},"end":{"line":13,"column":36}},"10":{"start":{"line":16,"column":4},"end":{"line":16,"column":34}},"11":{"start":{"line":18,"column":0},"end":{"line":18,"column":56}}},"branchMap":{"1":{"line":9,"type":"if","locations":[{"start":{"line":9,"column":8},"end":{"line":9,"column":8}},{"start":{"line":9,"column":8},"end":{"line":9,"column":8}}]}}}}