TN:
SF:C:\dev\voice\ask-community\ask-community-interceptors\dist\index.js
FNF:0
FNH:0
DA:2,1
DA:3,1
DA:4,1
DA:5,1
DA:6,1
DA:7,1
DA:8,1
LF:7
LH:7
BRF:0
BRH:0
end_of_record
TN:
SF:C:\dev\voice\ask-community\ask-community-interceptors\dist\lib\requestInterceptors\LogRequestInterceptor.js
FN:3,(anonymous_1)
FN:4,LogRequestInterceptor
FN:7,(anonymous_3)
FNF:3
FNH:3
FNDA:1,(anonymous_1)
FNDA:1,LogRequestInterceptor
FNDA:1,(anonymous_3)
DA:2,1
DA:3,1
DA:4,1
DA:5,1
DA:7,1
DA:8,1
DA:9,1
DA:11,1
DA:13,1
LF:9
LH:9
BRF:0
BRH:0
end_of_record
TN:
SF:C:\dev\voice\ask-community\ask-community-interceptors\dist\lib\logger\ConsoleLogger.js
FN:3,(anonymous_1)
FN:4,ConsoleLogger
FN:6,(anonymous_3)
FNF:3
FNH:3
FNDA:1,(anonymous_1)
FNDA:3,ConsoleLogger
FNDA:6,(anonymous_3)
DA:2,1
DA:3,1
DA:4,1
DA:6,1
DA:7,6
DA:8,6
DA:9,6
DA:11,6
DA:13,1
DA:15,1
LF:10
LH:10
BRF:0
BRH:0
end_of_record
TN:
SF:C:\dev\voice\ask-community\ask-community-interceptors\dist\lib\responseInterceptors\LogResponseInterceptor.js
FN:3,(anonymous_1)
FN:4,LogResponseInterceptor
FN:7,(anonymous_3)
FNF:3
FNH:3
FNDA:1,(anonymous_1)
FNDA:2,LogResponseInterceptor
FNDA:2,(anonymous_3)
DA:2,1
DA:3,1
DA:4,1
DA:5,2
DA:7,1
DA:8,2
DA:9,2
DA:10,1
DA:13,1
DA:16,1
DA:18,1
LF:11
LH:11
BRDA:9,1,0,1
BRDA:9,1,1,1
BRF:2
BRH:2
end_of_record
